<?xml version="1.0" encoding="UTF-8"?>
<testng-results skipped="0" failed="0" ignored="0" total="1" passed="1">
  <reporter-output>
  </reporter-output>
  <suite name="mobile.test.automation.scenarios.MemoTest" duration-ms="40223" started-at="2017-10-16T09:33:38Z" finished-at="2017-10-16T09:34:18Z">
    <groups>
    </groups>
    <test name="Command line test" duration-ms="40223" started-at="2017-10-16T09:33:38Z" finished-at="2017-10-16T09:34:18Z">
      <class name="mobile.test.automation.scenarios.MemoTest">
        <test-method status="PASS" signature="setUp()[pri:0, instance:mobile.test.automation.scenarios.MemoTest@2ef9b8bc]" name="setUp" is-config="true" duration-ms="18705" started-at="2017-10-16T12:33:38Z" finished-at="2017-10-16T12:33:57Z">
          <reporter-output>
          </reporter-output>
        </test-method> <!-- setUp -->
        <test-method status="PASS" signature="addAndCheckMemo()[pri:0, instance:mobile.test.automation.scenarios.MemoTest@2ef9b8bc]" name="addAndCheckMemo" duration-ms="18622" started-at="2017-10-16T12:33:57Z" finished-at="2017-10-16T12:34:15Z">
          <reporter-output>
          </reporter-output>
        </test-method> <!-- addAndCheckMemo -->
        <test-method status="PASS" signature="tearDown()[pri:0, instance:mobile.test.automation.scenarios.MemoTest@2ef9b8bc]" name="tearDown" is-config="true" duration-ms="2875" started-at="2017-10-16T12:34:15Z" finished-at="2017-10-16T12:34:18Z">
          <reporter-output>
          </reporter-output>
        </test-method> <!-- tearDown -->
      </class> <!-- mobile.test.automation.scenarios.MemoTest -->
    </test> <!-- Command line test -->
  </suite> <!-- mobile.test.automation.scenarios.MemoTest -->
</testng-results>
